<?xml version="1.0" encoding="UTF-8"?>
<!-- Generated by org.testng.reporters.JUnitReportReporter -->
<testsuite hostname="01HW1357834" failures="0" tests="9" name="tests.FrameworkTestRunner" time="765.135" errors="0" timestamp="2023-09-21T12:43:13 IST" skipped="0">
  <testcase classname="tests.FrameworkTestRunner" name="runScenario" time="71.082"/>
  <system-out/>
  <testcase classname="tests.FrameworkTestRunner" name="runScenario" time="71.082"/>
  <system-out/>
  <testcase classname="tests.FrameworkTestRunner" name="runScenario" time="82.515"/>
  <system-out/>
  <testcase classname="tests.FrameworkTestRunner" name="runScenario" time="75.247"/>
  <system-out/>
  <testcase classname="tests.FrameworkTestRunner" name="runScenario" time="152.012"/>
  <system-out/>
  <testcase classname="tests.FrameworkTestRunner" name="runScenario" time="83.698"/>
  <system-out/>
  <testcase classname="tests.FrameworkTestRunner" name="runScenario" time="74.133"/>
  <system-out/>
  <testcase classname="tests.FrameworkTestRunner" name="runScenario" time="74.133"/>
  <system-out/>
  <testcase classname="tests.FrameworkTestRunner" name="runScenario" time="81.233"/>
  <system-out/>
</testsuite> <!-- tests.FrameworkTestRunner -->
