<?xml version="1.0" encoding="UTF-8"?>
<!-- Generated by org.testng.reporters.JUnitReportReporter -->
<testsuite hostname="01HW2036521" failures="0" tests="11" name="tests.FrameworkTestRunner" time="542.797" errors="0" timestamp="2023-12-20T10:26:13 IST" skipped="0">
  <testcase classname="tests.FrameworkTestRunner" name="runScenario" time="63.409"/>
  <testcase classname="tests.FrameworkTestRunner" name="runScenario" time="63.362"/>
  <testcase classname="tests.FrameworkTestRunner" name="runScenario" time="51.548"/>
  <testcase classname="tests.FrameworkTestRunner" name="runScenario" time="49.157"/>
  <testcase classname="tests.FrameworkTestRunner" name="runScenario" time="45.852"/>
  <testcase classname="tests.FrameworkTestRunner" name="runScenario" time="52.605"/>
  <testcase classname="tests.FrameworkTestRunner" name="runScenario" time="11.673"/>
  <testcase classname="tests.FrameworkTestRunner" name="runScenario" time="50.032"/>
  <testcase classname="tests.FrameworkTestRunner" name="runScenario" time="41.604"/>
  <testcase classname="tests.FrameworkTestRunner" name="runScenario" time="50.254"/>
  <testcase classname="tests.FrameworkTestRunner" name="runScenario" time="63.301"/>
</testsuite> <!-- tests.FrameworkTestRunner -->
