<?xml version="1.0" encoding="UTF-8"?>
<!-- Generated by org.testng.reporters.JUnitReportReporter -->
<testsuite hostname="01HW2036521" failures="0" tests="11" name="tests.FrameworkTestRunner" time="390.080" errors="0" timestamp="2024-02-07T11:35:07 IST" skipped="0">
  <testcase classname="tests.FrameworkTestRunner" name="runScenario" time="50.746"/>
  <testcase classname="tests.FrameworkTestRunner" name="runScenario" time="14.920"/>
  <testcase classname="tests.FrameworkTestRunner" name="runScenario" time="22.617"/>
  <testcase classname="tests.FrameworkTestRunner" name="runScenario" time="37.987"/>
  <testcase classname="tests.FrameworkTestRunner" name="runScenario" time="36.061"/>
  <testcase classname="tests.FrameworkTestRunner" name="runScenario" time="50.169"/>
  <testcase classname="tests.FrameworkTestRunner" name="runScenario" time="39.786"/>
  <testcase classname="tests.FrameworkTestRunner" name="runScenario" time="25.788"/>
  <testcase classname="tests.FrameworkTestRunner" name="runScenario" time="39.686"/>
  <testcase classname="tests.FrameworkTestRunner" name="runScenario" time="23.095"/>
  <testcase classname="tests.FrameworkTestRunner" name="runScenario" time="49.225"/>
</testsuite> <!-- tests.FrameworkTestRunner -->
