<?xml version="1.0" encoding="UTF-8"?>
<!-- Generated by org.testng.reporters.JUnitReportReporter -->
<testsuite hostname="01HW1357834" failures="0" tests="2" name="tests.ReRun" time="26.484" errors="0" timestamp="2023-08-28T11:12:05 IST" skipped="0">
  <testcase classname="tests.ReRun" name="runScenario" time="8.221"/>
  <system-out/>
  <testcase classname="tests.ReRun" name="runScenario" time="18.263"/>
  <system-out/>
</testsuite> <!-- tests.ReRun -->
