<?xml version="1.0" encoding="UTF-8"?>
<!-- Generated by org.testng.reporters.JUnitReportReporter -->
<testsuite hostname="01HW2036521" failures="0" tests="9" name="tests.FrameworkTestRunner" time="239.495" errors="0" timestamp="2023-10-16T10:45:35 IST" skipped="0">
  <testcase classname="tests.FrameworkTestRunner" name="runScenario" time="22.324"/>
  <testcase classname="tests.FrameworkTestRunner" name="runScenario" time="22.184"/>
  <testcase classname="tests.FrameworkTestRunner" name="runScenario" time="22.385"/>
  <testcase classname="tests.FrameworkTestRunner" name="runScenario" time="35.863"/>
  <testcase classname="tests.FrameworkTestRunner" name="runScenario" time="35.509"/>
  <testcase classname="tests.FrameworkTestRunner" name="runScenario" time="20.325"/>
  <testcase classname="tests.FrameworkTestRunner" name="runScenario" time="23.939"/>
  <testcase classname="tests.FrameworkTestRunner" name="runScenario" time="36.570"/>
  <testcase classname="tests.FrameworkTestRunner" name="runScenario" time="20.396"/>
</testsuite> <!-- tests.FrameworkTestRunner -->
