<?xml version="1.0" encoding="UTF-8"?>
<!-- Generated by org.testng.reporters.JUnitReportReporter -->
<testsuite hostname="01HW1357834" failures="0" tests="9" name="tests.FrameworkTestRunner" time="243.351" errors="0" timestamp="2023-09-20T12:53:24 IST" skipped="0">
  <testcase classname="tests.FrameworkTestRunner" name="runScenario" time="17.642"/>
  <testcase classname="tests.FrameworkTestRunner" name="runScenario" time="20.322"/>
  <testcase classname="tests.FrameworkTestRunner" name="runScenario" time="34.617"/>
  <testcase classname="tests.FrameworkTestRunner" name="runScenario" time="12.763"/>
  <testcase classname="tests.FrameworkTestRunner" name="runScenario" time="24.769"/>
  <testcase classname="tests.FrameworkTestRunner" name="runScenario" time="19.279"/>
  <testcase classname="tests.FrameworkTestRunner" name="runScenario" time="12.822"/>
  <testcase classname="tests.FrameworkTestRunner" name="runScenario" time="50.596"/>
  <testcase classname="tests.FrameworkTestRunner" name="runScenario" time="50.541"/>
</testsuite> <!-- tests.FrameworkTestRunner -->
