<?xml version="1.0" encoding="UTF-8"?>
<!-- Generated by org.testng.reporters.JUnitReportReporter -->
<testsuite hostname="01HW1357834" failures="0" tests="9" name="tests.FrameworkTestRunner" time="265.561" errors="0" timestamp="2023-09-15T13:57:19 IST" skipped="0">
  <testcase classname="tests.FrameworkTestRunner" name="runScenario" time="11.890"/>
  <testcase classname="tests.FrameworkTestRunner" name="runScenario" time="45.708"/>
  <testcase classname="tests.FrameworkTestRunner" name="runScenario" time="14.715"/>
  <testcase classname="tests.FrameworkTestRunner" name="runScenario" time="31.463"/>
  <testcase classname="tests.FrameworkTestRunner" name="runScenario" time="56.148"/>
  <testcase classname="tests.FrameworkTestRunner" name="runScenario" time="45.892"/>
  <testcase classname="tests.FrameworkTestRunner" name="runScenario" time="34.292"/>
  <testcase classname="tests.FrameworkTestRunner" name="runScenario" time="11.079"/>
  <testcase classname="tests.FrameworkTestRunner" name="runScenario" time="14.374"/>
</testsuite> <!-- tests.FrameworkTestRunner -->
