<?xml version="1.0" encoding="UTF-8"?>
<!-- Generated by org.testng.reporters.JUnitReportReporter -->
<testsuite hostname="01HW2036521" failures="0" tests="9" name="tests.FrameworkTestRunner" time="215.655" errors="0" timestamp="2023-10-16T10:22:35 IST" skipped="0">
  <testcase classname="tests.FrameworkTestRunner" name="runScenario" time="33.590"/>
  <testcase classname="tests.FrameworkTestRunner" name="runScenario" time="32.997"/>
  <testcase classname="tests.FrameworkTestRunner" name="runScenario" time="11.361"/>
  <testcase classname="tests.FrameworkTestRunner" name="runScenario" time="20.211"/>
  <testcase classname="tests.FrameworkTestRunner" name="runScenario" time="20.977"/>
  <testcase classname="tests.FrameworkTestRunner" name="runScenario" time="32.602"/>
  <testcase classname="tests.FrameworkTestRunner" name="runScenario" time="21.112"/>
  <testcase classname="tests.FrameworkTestRunner" name="runScenario" time="22.452"/>
  <testcase classname="tests.FrameworkTestRunner" name="runScenario" time="20.353"/>
</testsuite> <!-- tests.FrameworkTestRunner -->
